<?xml version="1.0" encoding="UTF-8"?>
<!-- Generated by org.testng.reporters.JUnitReportReporter -->
<testsuite hostname="LAPTOP-TO0DJ4A8" failures="0" tests="1" name="Script_test.Script_test" time="32.189" errors="0" timestamp="2023-05-27T00:46:25 HAE" skipped="0">
  <testcase classname="Script_test.Script_test" name="Supprimer_un_groupe" time="32.189"/>
  <system-out/>
</testsuite> <!-- Script_test.Script_test -->
